  [1m[36m (0.1ms)[0m  [1mselect sqlite_version(*)[0m
  [1m[35m (0.9ms)[0m  CREATE TABLE "schema_migrations" ("version" varchar(255) NOT NULL) 
  [1m[36m (0.0ms)[0m  [1mPRAGMA index_list("schema_migrations")[0m
  [1m[35m (0.7ms)[0m  CREATE UNIQUE INDEX "unique_schema_migrations" ON "schema_migrations" ("version")
  [1m[36m (3.8ms)[0m  [1mSELECT "schema_migrations"."version" FROM "schema_migrations" [0m
Migrating to CreatePhotos (20110218224234)
  [1m[35m (0.4ms)[0m  CREATE TABLE "photos" ("id" INTEGER PRIMARY KEY AUTOINCREMENT NOT NULL, "description" varchar(255), "created_at" datetime, "updated_at" datetime) 
  [1m[36m (0.1ms)[0m  [1mINSERT INTO "schema_migrations" ("version") VALUES ('20110218224234')[0m
Migrating to AddAttachmentImageToPhoto (20110218232056)
  [1m[35m (0.6ms)[0m  ALTER TABLE "photos" ADD "image_file_name" varchar(255)
  [1m[36m (0.1ms)[0m  [1mALTER TABLE "photos" ADD "image_content_type" varchar(255)[0m
  [1m[35m (0.1ms)[0m  ALTER TABLE "photos" ADD "image_file_size" integer
  [1m[36m (0.1ms)[0m  [1mALTER TABLE "photos" ADD "image_updated_at" datetime[0m
  [1m[35m (0.1ms)[0m  INSERT INTO "schema_migrations" ("version") VALUES ('20110218232056')
  [1m[36m (0.2ms)[0m  [1mselect sqlite_version(*)[0m
  [1m[35m (0.1ms)[0m  SELECT "schema_migrations"."version" FROM "schema_migrations" 
  [1m[36m (0.0ms)[0m  [1mPRAGMA index_list("photos")[0m


Started GET "/photos" for 127.0.0.1 at 2013-02-09 14:41:19 -0800
  Processing by PhotosController#index as HTML
  [1m[36mPhoto Load (0.1ms)[0m  [1mSELECT "photos".* FROM "photos" [0m
Rendered photos/index.html.erb within layouts/application (3.1ms)
Compiled application.css  (0ms)  (pid 1078)
Compiled application.js  (2ms)  (pid 1078)
Compiled jquery.js  (2ms)  (pid 1078)
Compiled jquery_ujs.js  (1ms)  (pid 1078)
Compiled webcam.js  (0ms)  (pid 1078)
Completed 200 OK in 60ms (Views: 59.0ms | ActiveRecord: 0.1ms)


Started GET "/assets/application.css?body=1" for 127.0.0.1 at 2013-02-09 14:41:19 -0800
Served asset /application.css - 200 OK (3ms)


Started GET "/assets/jquery.js?body=1" for 127.0.0.1 at 2013-02-09 14:41:19 -0800
Served asset /jquery.js - 200 OK (29ms)


Started GET "/assets/jquery_ujs.js?body=1" for 127.0.0.1 at 2013-02-09 14:41:19 -0800
Served asset /jquery_ujs.js - 200 OK (4ms)


Started GET "/assets/webcam.js?body=1" for 127.0.0.1 at 2013-02-09 14:41:19 -0800
Served asset /webcam.js - 200 OK (4ms)


Started GET "/assets/application.js?body=1" for 127.0.0.1 at 2013-02-09 14:41:19 -0800
Served asset /application.js - 200 OK (12ms)


Started GET "/photos/new" for 127.0.0.1 at 2013-02-09 14:41:22 -0800
  Processing by PhotosController#new as HTML
Rendered photos/new.html.erb within layouts/application (9.1ms)
Completed 200 OK in 13ms (Views: 12.2ms | ActiveRecord: 0.2ms)


Started GET "/assets/jquery_ujs.js?body=1" for 127.0.0.1 at 2013-02-09 14:41:22 -0800
Served asset /jquery_ujs.js - 304 Not Modified (0ms)


Started GET "/assets/application.js?body=1" for 127.0.0.1 at 2013-02-09 14:41:22 -0800
Served asset /application.js - 304 Not Modified (0ms)


Started GET "/assets/jquery.js?body=1" for 127.0.0.1 at 2013-02-09 14:41:22 -0800
Served asset /jquery.js - 304 Not Modified (0ms)


Started GET "/photos/new" for 127.0.0.1 at 2013-02-09 14:41:37 -0800
  Processing by PhotosController#new as HTML
Rendered photos/new.html.erb within layouts/application (12.2ms)
Completed 200 OK in 16ms (Views: 15.4ms | ActiveRecord: 0.2ms)


Started GET "/assets/application.css?body=1" for 127.0.0.1 at 2013-02-09 14:41:37 -0800
Served asset /application.css - 304 Not Modified (0ms)


Started GET "/assets/application.js?body=1" for 127.0.0.1 at 2013-02-09 14:41:37 -0800
Served asset /application.js - 304 Not Modified (0ms)


Started GET "/assets/jquery_ujs.js?body=1" for 127.0.0.1 at 2013-02-09 14:41:37 -0800
Served asset /jquery_ujs.js - 304 Not Modified (0ms)


Started GET "/assets/webcam.js?body=1" for 127.0.0.1 at 2013-02-09 14:41:37 -0800
Served asset /webcam.js - 304 Not Modified (0ms)


Started GET "/assets/jquery.js?body=1" for 127.0.0.1 at 2013-02-09 14:41:37 -0800
Served asset /jquery.js - 304 Not Modified (0ms)


Started GET "/photos/new" for 127.0.0.1 at 2013-02-09 14:41:58 -0800
  Processing by PhotosController#new as HTML
Rendered photos/new.html.erb within layouts/application (24.6ms)
Completed 200 OK in 28ms (Views: 27.9ms | ActiveRecord: 0.2ms)


Started GET "/assets/application.css?body=1" for 127.0.0.1 at 2013-02-09 14:41:58 -0800
Served asset /application.css - 304 Not Modified (0ms)


Started GET "/assets/webcam.js?body=1" for 127.0.0.1 at 2013-02-09 14:41:59 -0800
Served asset /webcam.js - 304 Not Modified (0ms)


Started GET "/assets/application.js?body=1" for 127.0.0.1 at 2013-02-09 14:41:59 -0800
Served asset /application.js - 304 Not Modified (0ms)


Started GET "/assets/jquery.js?body=1" for 127.0.0.1 at 2013-02-09 14:41:59 -0800
Served asset /jquery.js - 304 Not Modified (0ms)


Started GET "/assets/jquery_ujs.js?body=1" for 127.0.0.1 at 2013-02-09 14:41:59 -0800
Served asset /jquery_ujs.js - 304 Not Modified (0ms)


Started GET "/photos/new" for 127.0.0.1 at 2013-02-09 14:42:09 -0800
  Processing by PhotosController#new as HTML
Rendered photos/new.html.erb within layouts/application (8.0ms)
Completed 200 OK in 12ms (Views: 11.6ms | ActiveRecord: 0.2ms)


Started GET "/assets/jquery.js?body=1" for 127.0.0.1 at 2013-02-09 14:42:09 -0800
Served asset /jquery.js - 200 OK (0ms)


Started GET "/assets/application.js?body=1" for 127.0.0.1 at 2013-02-09 14:42:09 -0800
Served asset /application.js - 200 OK (0ms)


Started GET "/assets/jquery_ujs.js?body=1" for 127.0.0.1 at 2013-02-09 14:42:09 -0800
Served asset /jquery_ujs.js - 200 OK (0ms)


Started GET "/assets/webcam.js?body=1" for 127.0.0.1 at 2013-02-09 14:42:09 -0800
Served asset /webcam.js - 200 OK (0ms)


Started GET "/assets/application.css?body=1" for 127.0.0.1 at 2013-02-09 14:42:09 -0800
Served asset /application.css - 200 OK (0ms)


Started POST "/photos/upload?authenticity_token=gYBDR95waBWBMvhBasnnORIGDcJz5T2X3hUiGf8tkHM=" for 127.0.0.1 at 2013-02-09 14:42:17 -0800
  Processing by PhotosController#upload as HTML
  Parameters: {"authenticity_token"=>"gYBDR95waBWBMvhBasnnORIGDcJz5T2X3hUiGf8tkHM="}
Rendered text template (0.0ms)
Completed 200 OK in 4ms (Views: 3.2ms | ActiveRecord: 0.0ms)


Started POST "/photos" for 127.0.0.1 at 2013-02-09 14:42:20 -0800
  Processing by PhotosController#create as HTML
  Parameters: {"utf8"=>"✓", "authenticity_token"=>"gYBDR95waBWBMvhBasnnORIGDcJz5T2X3hUiGf8tkHM=", "photo"=>{"description"=>"hi"}, "commit"=>"Save the photo"}
  [1m[35mSQL (28.7ms)[0m  INSERT INTO "photos" ("created_at", "description", "image_content_type", "image_file_name", "image_file_size", "image_updated_at", "updated_at") VALUES (?, ?, ?, ?, ?, ?, ?)  [["created_at", Sat, 09 Feb 2013 22:42:21 UTC +00:00], ["description", "hi"], ["image_content_type", "image/jpeg"], ["image_file_name", "photo.jpg"], ["image_file_size", 68104], ["image_updated_at", Sat, 09 Feb 2013 22:42:20 UTC +00:00], ["updated_at", Sat, 09 Feb 2013 22:42:21 UTC +00:00]]
[paperclip] Saving attachments.
[paperclip] saving /Users/mark/Dropbox/projects/hackjam_sp_2013/webcam_app/public/system/images/1/original/photo.jpg
[paperclip] saving /Users/mark/Dropbox/projects/hackjam_sp_2013/webcam_app/public/system/images/1/medium/photo.jpg
[paperclip] saving /Users/mark/Dropbox/projects/hackjam_sp_2013/webcam_app/public/system/images/1/thumb/photo.jpg
Redirected to http://localhost:3000/photos/1
Completed 302 Found in 292ms


Started GET "/photos/1" for 127.0.0.1 at 2013-02-09 14:42:21 -0800
  Processing by PhotosController#show as HTML
  Parameters: {"id"=>"1"}
  [1m[36mPhoto Load (0.1ms)[0m  [1mSELECT "photos".* FROM "photos" WHERE "photos"."id" = ? LIMIT 1[0m  [["id", "1"]]
Rendered photos/show.html.erb within layouts/application (11.9ms)
Completed 200 OK in 20ms (Views: 18.0ms | ActiveRecord: 0.4ms)


Started GET "/assets/application.css?body=1" for 127.0.0.1 at 2013-02-09 14:42:21 -0800
Served asset /application.css - 304 Not Modified (0ms)


Started GET "/assets/jquery.js?body=1" for 127.0.0.1 at 2013-02-09 14:42:21 -0800
Served asset /jquery.js - 304 Not Modified (0ms)


Started GET "/assets/webcam.js?body=1" for 127.0.0.1 at 2013-02-09 14:42:21 -0800
Served asset /webcam.js - 304 Not Modified (0ms)


Started GET "/assets/application.js?body=1" for 127.0.0.1 at 2013-02-09 14:42:21 -0800
Served asset /application.js - 304 Not Modified (0ms)


Started GET "/assets/jquery_ujs.js?body=1" for 127.0.0.1 at 2013-02-09 14:42:21 -0800
Served asset /jquery_ujs.js - 304 Not Modified (0ms)


Started GET "/photos/new" for 127.0.0.1 at 2013-02-09 14:42:28 -0800
  Processing by PhotosController#new as HTML
Rendered photos/new.html.erb within layouts/application (30.2ms)
Completed 200 OK in 34ms (Views: 33.8ms | ActiveRecord: 0.3ms)


Started GET "/assets/application.css?body=1" for 127.0.0.1 at 2013-02-09 14:42:28 -0800
Served asset /application.css - 304 Not Modified (0ms)


Started GET "/assets/jquery_ujs.js?body=1" for 127.0.0.1 at 2013-02-09 14:42:28 -0800
Served asset /jquery_ujs.js - 304 Not Modified (0ms)


Started GET "/assets/webcam.js?body=1" for 127.0.0.1 at 2013-02-09 14:42:28 -0800
Served asset /webcam.js - 304 Not Modified (0ms)


Started GET "/assets/jquery.js?body=1" for 127.0.0.1 at 2013-02-09 14:42:28 -0800
Served asset /jquery.js - 304 Not Modified (0ms)


Started GET "/assets/application.js?body=1" for 127.0.0.1 at 2013-02-09 14:42:28 -0800
Served asset /application.js - 304 Not Modified (0ms)


Started POST "/photos/upload?authenticity_token=gYBDR95waBWBMvhBasnnORIGDcJz5T2X3hUiGf8tkHM=" for 127.0.0.1 at 2013-02-09 14:42:36 -0800
  Processing by PhotosController#upload as HTML
  Parameters: {"authenticity_token"=>"gYBDR95waBWBMvhBasnnORIGDcJz5T2X3hUiGf8tkHM="}
Rendered text template (0.0ms)
Completed 200 OK in 2ms (Views: 1.4ms | ActiveRecord: 0.0ms)


Started POST "/photos" for 127.0.0.1 at 2013-02-09 14:42:43 -0800
  Processing by PhotosController#create as HTML
  Parameters: {"utf8"=>"✓", "authenticity_token"=>"gYBDR95waBWBMvhBasnnORIGDcJz5T2X3hUiGf8tkHM=", "photo"=>{"description"=>"the ugliest woman alive"}, "commit"=>"Save the photo"}
  [1m[35mSQL (0.6ms)[0m  INSERT INTO "photos" ("created_at", "description", "image_content_type", "image_file_name", "image_file_size", "image_updated_at", "updated_at") VALUES (?, ?, ?, ?, ?, ?, ?)  [["created_at", Sat, 09 Feb 2013 22:42:43 UTC +00:00], ["description", "the ugliest woman alive"], ["image_content_type", "image/jpeg"], ["image_file_name", "photo.jpg"], ["image_file_size", 67619], ["image_updated_at", Sat, 09 Feb 2013 22:42:43 UTC +00:00], ["updated_at", Sat, 09 Feb 2013 22:42:43 UTC +00:00]]
[paperclip] Saving attachments.
[paperclip] saving /Users/mark/Dropbox/projects/hackjam_sp_2013/webcam_app/public/system/images/2/original/photo.jpg
[paperclip] saving /Users/mark/Dropbox/projects/hackjam_sp_2013/webcam_app/public/system/images/2/medium/photo.jpg
[paperclip] saving /Users/mark/Dropbox/projects/hackjam_sp_2013/webcam_app/public/system/images/2/thumb/photo.jpg
Redirected to http://localhost:3000/photos/2
Completed 302 Found in 188ms


Started GET "/photos/2" for 127.0.0.1 at 2013-02-09 14:42:43 -0800
  Processing by PhotosController#show as HTML
  Parameters: {"id"=>"2"}
  [1m[36mPhoto Load (0.1ms)[0m  [1mSELECT "photos".* FROM "photos" WHERE "photos"."id" = ? LIMIT 1[0m  [["id", "2"]]
Rendered photos/show.html.erb within layouts/application (10.3ms)
Completed 200 OK in 17ms (Views: 14.9ms | ActiveRecord: 0.4ms)


Started GET "/assets/jquery.js?body=1" for 127.0.0.1 at 2013-02-09 14:42:44 -0800
Served asset /jquery.js - 304 Not Modified (0ms)


Started GET "/assets/webcam.js?body=1" for 127.0.0.1 at 2013-02-09 14:42:44 -0800
Served asset /webcam.js - 304 Not Modified (0ms)


Started GET "/assets/application.css?body=1" for 127.0.0.1 at 2013-02-09 14:42:44 -0800
Served asset /application.css - 304 Not Modified (0ms)


Started GET "/assets/application.js?body=1" for 127.0.0.1 at 2013-02-09 14:42:44 -0800
Served asset /application.js - 304 Not Modified (0ms)


Started GET "/assets/jquery_ujs.js?body=1" for 127.0.0.1 at 2013-02-09 14:42:44 -0800
Served asset /jquery_ujs.js - 304 Not Modified (0ms)


Started GET "/photos/new" for 127.0.0.1 at 2013-02-09 14:43:14 -0800
  Processing by PhotosController#new as HTML
Rendered photos/new.html.erb within layouts/application (10.5ms)
Completed 200 OK in 35ms (Views: 35.0ms | ActiveRecord: 0.2ms)


Started GET "/assets/application.css?body=1" for 127.0.0.1 at 2013-02-09 14:43:14 -0800
Served asset /application.css - 304 Not Modified (0ms)


Started GET "/assets/webcam.js?body=1" for 127.0.0.1 at 2013-02-09 14:43:14 -0800
Served asset /webcam.js - 304 Not Modified (0ms)


Started GET "/assets/jquery.js?body=1" for 127.0.0.1 at 2013-02-09 14:43:14 -0800
Served asset /jquery.js - 304 Not Modified (0ms)


Started GET "/assets/jquery_ujs.js?body=1" for 127.0.0.1 at 2013-02-09 14:43:14 -0800
Served asset /jquery_ujs.js - 304 Not Modified (0ms)


Started GET "/assets/application.js?body=1" for 127.0.0.1 at 2013-02-09 14:43:14 -0800
Served asset /application.js - 304 Not Modified (0ms)


Started POST "/photos/upload?authenticity_token=gYBDR95waBWBMvhBasnnORIGDcJz5T2X3hUiGf8tkHM=" for 127.0.0.1 at 2013-02-09 14:43:21 -0800
  Processing by PhotosController#upload as HTML
  Parameters: {"authenticity_token"=>"gYBDR95waBWBMvhBasnnORIGDcJz5T2X3hUiGf8tkHM="}
Rendered text template (0.0ms)
Completed 200 OK in 2ms (Views: 1.3ms | ActiveRecord: 0.0ms)


Started GET "/photos/new" for 127.0.0.1 at 2013-02-09 14:43:32 -0800
  Processing by PhotosController#new as HTML
Rendered photos/new.html.erb within layouts/application (7.6ms)
Completed 200 OK in 11ms (Views: 11.0ms | ActiveRecord: 0.2ms)


Started GET "/assets/application.css?body=1" for 127.0.0.1 at 2013-02-09 14:43:32 -0800
Served asset /application.css - 304 Not Modified (0ms)


Started GET "/assets/jquery.js?body=1" for 127.0.0.1 at 2013-02-09 14:43:32 -0800
Served asset /jquery.js - 304 Not Modified (0ms)


Started GET "/assets/jquery_ujs.js?body=1" for 127.0.0.1 at 2013-02-09 14:43:32 -0800
Served asset /jquery_ujs.js - 304 Not Modified (0ms)


Started GET "/assets/application.js?body=1" for 127.0.0.1 at 2013-02-09 14:43:32 -0800
Served asset /application.js - 304 Not Modified (0ms)


Started GET "/assets/webcam.js?body=1" for 127.0.0.1 at 2013-02-09 14:43:32 -0800
Served asset /webcam.js - 304 Not Modified (0ms)


Started POST "/photos/upload?authenticity_token=gYBDR95waBWBMvhBasnnORIGDcJz5T2X3hUiGf8tkHM=" for 127.0.0.1 at 2013-02-09 14:44:00 -0800
  Processing by PhotosController#upload as HTML
  Parameters: {"authenticity_token"=>"gYBDR95waBWBMvhBasnnORIGDcJz5T2X3hUiGf8tkHM="}
Rendered text template (0.0ms)
Completed 200 OK in 2ms (Views: 1.3ms | ActiveRecord: 0.0ms)


Started POST "/photos" for 127.0.0.1 at 2013-02-09 14:44:02 -0800
  Processing by PhotosController#create as HTML
  Parameters: {"utf8"=>"✓", "authenticity_token"=>"gYBDR95waBWBMvhBasnnORIGDcJz5T2X3hUiGf8tkHM=", "photo"=>{"description"=>"green"}, "commit"=>"Save the photo"}
  [1m[35mSQL (1.4ms)[0m  INSERT INTO "photos" ("created_at", "description", "image_content_type", "image_file_name", "image_file_size", "image_updated_at", "updated_at") VALUES (?, ?, ?, ?, ?, ?, ?)  [["created_at", Sat, 09 Feb 2013 22:44:02 UTC +00:00], ["description", "green"], ["image_content_type", "image/jpeg"], ["image_file_name", "photo.jpg"], ["image_file_size", 62172], ["image_updated_at", Sat, 09 Feb 2013 22:44:02 UTC +00:00], ["updated_at", Sat, 09 Feb 2013 22:44:02 UTC +00:00]]
[paperclip] Saving attachments.
[paperclip] saving /Users/mark/Dropbox/projects/hackjam_sp_2013/webcam_app/public/system/images/3/original/photo.jpg
[paperclip] saving /Users/mark/Dropbox/projects/hackjam_sp_2013/webcam_app/public/system/images/3/medium/photo.jpg
[paperclip] saving /Users/mark/Dropbox/projects/hackjam_sp_2013/webcam_app/public/system/images/3/thumb/photo.jpg
Redirected to http://localhost:3000/photos/3
Completed 302 Found in 239ms


Started GET "/photos/3" for 127.0.0.1 at 2013-02-09 14:44:02 -0800
  Processing by PhotosController#show as HTML
  Parameters: {"id"=>"3"}
  [1m[36mPhoto Load (0.2ms)[0m  [1mSELECT "photos".* FROM "photos" WHERE "photos"."id" = ? LIMIT 1[0m  [["id", "3"]]
Rendered photos/show.html.erb within layouts/application (6.7ms)
Completed 200 OK in 14ms (Views: 11.9ms | ActiveRecord: 0.5ms)


Started GET "/assets/application.css?body=1" for 127.0.0.1 at 2013-02-09 14:44:02 -0800
Served asset /application.css - 304 Not Modified (0ms)


Started GET "/assets/jquery.js?body=1" for 127.0.0.1 at 2013-02-09 14:44:02 -0800
Served asset /jquery.js - 304 Not Modified (0ms)


Started GET "/assets/application.js?body=1" for 127.0.0.1 at 2013-02-09 14:44:02 -0800
Served asset /application.js - 304 Not Modified (0ms)


Started GET "/assets/jquery_ujs.js?body=1" for 127.0.0.1 at 2013-02-09 14:44:02 -0800
Served asset /jquery_ujs.js - 304 Not Modified (0ms)


Started GET "/assets/webcam.js?body=1" for 127.0.0.1 at 2013-02-09 14:44:02 -0800
Served asset /webcam.js - 304 Not Modified (0ms)
